<?xml version="1.0" encoding="UTF-8"?>
<!-- Generated by org.testng.reporters.JUnitReportReporter -->
<testsuite hostname="Shyam" name="Test.TestClass" tests="1" failures="0" timestamp="27 Sep 2017 17:30:11 GMT" time="0.020" errors="0">
  <testcase name="Result" time="0.020" classname="Test.TestClass"/>
</testsuite> <!-- Test.TestClass -->
